<?xml version="1.0" encoding="UTF-8"?>
<!-- Generated by org.testng.reporters.JUnitReportReporter -->
<testsuite skipped="0" hostname="Raktim" name="mytests.HomePageTest" tests="2" failures="0" timestamp="2021-11-28T21:57:53 IST" time="0.363" errors="0">
  <testcase name="headerTest" time="0.216" classname="mytests.HomePageTest"/>
  <system-out/>
  <testcase name="contactTest" time="0.147" classname="mytests.HomePageTest"/>
  <system-out/>
</testsuite> <!-- mytests.HomePageTest -->
